#-----------------------------------------------------------
# Vivado v2019.2 (64-bit)
# SW Build 2708876 on Wed Nov  6 21:40:23 MST 2019
# IP Build 2700528 on Thu Nov  7 00:09:20 MST 2019
# Start of session at: Thu Feb  6 16:13:31 2020
# Process ID: 8720
# Current directory: E:/Dropbox/classes/ELEC 5210 - Hardware Security I/project
# Command line: vivado.exe -gui_launcher_event rodinguilauncherevent11680 E:\Dropbox\classes\ELEC 5210 - Hardware Security I\project\aes_final.xpr
# Log file: E:/Dropbox/classes/ELEC 5210 - Hardware Security I/project/vivado.log
# Journal file: E:/Dropbox/classes/ELEC 5210 - Hardware Security I/project\vivado.jou
#-----------------------------------------------------------
start_gui
open_project {E:/Dropbox/classes/ELEC 5210 - Hardware Security I/project/aes_final.xpr}
Scanning sources...
Finished scanning sources
INFO: [IP_Flow 19-234] Refreshing IP repositories
INFO: [IP_Flow 19-1704] No user IP repositories specified
INFO: [IP_Flow 19-2313] Loaded Vivado IP repository 'C:/Xilinx/Vivado/2019.2/data/ip'.
open_project: Time (s): cpu = 00:00:11 ; elapsed = 00:00:06 . Memory (MB): peak = 925.875 ; gain = 234.500
update_compile_order -fileset sources_1
